C51 COMPILER V8.12   SETUP                                                                 11/17/2023 08:28:36 PAGE 1   


C51 COMPILER V8.12, COMPILATION OF MODULE SETUP
OBJECT MODULE PLACED IN setup.OBJ
COMPILER INVOKED BY: C:\Keil\C51\BIN\C51.exe setup.c DB OE BR INCDIR(C:\SiLabs\MCU\Inc)

line level    source

   1          #include <stdio.h>
   2          #include "C8051F120_defs.h"
   3          #include "setup.h"
   4          
   5          
   6          void Oscillator_Init (void)
   7          {
   8   1      
   9   1              char SFRPAGE_SAVE = SFRPAGE;
  10   1              SFRPAGE = CONFIG_PAGE;
  11   1      
  12   1              OSCICN = 0x83;                  // Dozvoljen interni oscilator, na maksimalnoj frekvenciji
  13   1              CLKSEL = 0x00;                  // Interni osc. kao sistemski klok
  14   1      
  15   1      
  16   1              SFRPAGE = SFRPAGE_SAVE;
  17   1      
  18   1      }
  19          
  20          
  21          
  22          void Timer1_Init (void)
  23          {
  24   1              char SFRPAGE_SAVE = SFRPAGE;
  25   1              SFRPAGE = TIMER01_PAGE;
  26   1      
  27   1              CKCON = 0x01;                 // Koristi sistemski klok / 4 (24500 kHz / 4 = 6125 kHz)
  28   1              TMOD  = 0x20;                 // Timer 1 radi u mod 0
  29   1      
  30   1      
  31   1              TCON |= 0x00;                 // Dozvola tajmera br.1
  32   1      
  33   1              TH1   = 0x13;                 // 0x132 za 500ms (306 takta)
  34   1              TL1  |= 0x02;
  35   1      
  36   1              ET1   = 1;                    // Dozvola interapta od tajmera br.1
  37   1      
  38   1              SFRPAGE = SFRPAGE_SAVE;
  39   1      } 


MODULE INFORMATION:   STATIC OVERLAYABLE
   CODE SIZE        =     36    ----
   CONSTANT SIZE    =   ----    ----
   XDATA SIZE       =   ----    ----
   PDATA SIZE       =   ----    ----
   DATA SIZE        =   ----    ----
   IDATA SIZE       =   ----    ----
   BIT SIZE         =   ----    ----
END OF MODULE INFORMATION.


C51 COMPILATION COMPLETE.  0 WARNING(S),  0 ERROR(S)
